2012-09-10 00:29:21.6422|INFO|WebApiNLogTracing.TraceWriters.NLogTraceWriter| GET http://localhost:22794/api/values System.Web.Http.Request http://localhost:22794/api/values
2012-09-10 00:29:21.6559|INFO|WebApiNLogTracing.TraceWriters.NLogTraceWriter| GET http://localhost:22794/api/values System.Web.Http.Controllers DefaultHttpControllerSelector SelectController Route='controller:values'
2012-09-10 00:29:21.7458|INFO|WebApiNLogTracing.TraceWriters.NLogTraceWriter| GET http://localhost:22794/api/values System.Web.Http.Controllers DefaultHttpControllerSelector SelectController Values
2012-09-10 00:29:21.7497|INFO|WebApiNLogTracing.TraceWriters.NLogTraceWriter| GET http://localhost:22794/api/values System.Web.Http.Controllers HttpControllerDescriptor CreateController
2012-09-10 00:29:21.7497|INFO|WebApiNLogTracing.TraceWriters.NLogTraceWriter| GET http://localhost:22794/api/values System.Web.Http.Controllers DefaultHttpControllerActivator Create
2012-09-10 00:29:21.7497|INFO|WebApiNLogTracing.TraceWriters.NLogTraceWriter| GET http://localhost:22794/api/values System.Web.Http.Controllers DefaultHttpControllerActivator Create WebApiNLogTracing.Controllers.ValuesController
2012-09-10 00:29:21.7643|INFO|WebApiNLogTracing.TraceWriters.NLogTraceWriter| GET http://localhost:22794/api/values System.Web.Http.Controllers HttpControllerDescriptor CreateController WebApiNLogTracing.Controllers.ValuesController
2012-09-10 00:29:21.7643|INFO|WebApiNLogTracing.TraceWriters.NLogTraceWriter| GET http://localhost:22794/api/values System.Web.Http.Controllers ValuesController ExecuteAsync
2012-09-10 00:29:21.7643|INFO|WebApiNLogTracing.TraceWriters.NLogTraceWriter| GET http://localhost:22794/api/values System.Web.Http.Action ApiControllerActionSelector SelectAction
2012-09-10 00:29:21.8229|INFO|WebApiNLogTracing.TraceWriters.NLogTraceWriter| GET http://localhost:22794/api/values System.Web.Http.Action ApiControllerActionSelector SelectAction Selected action 'Get()'
2012-09-10 00:29:21.8424|INFO|WebApiNLogTracing.TraceWriters.NLogTraceWriter| GET http://localhost:22794/api/values System.Web.Http.ModelBinding HttpActionBinding ExecuteBindingAsync
2012-09-10 00:29:21.8424|INFO|WebApiNLogTracing.TraceWriters.NLogTraceWriter| GET http://localhost:22794/api/values System.Web.Http.ModelBinding HttpActionBinding ExecuteBindingAsync
2012-09-10 00:29:21.8581|INFO|WebApiNLogTracing.TraceWriters.NLogTraceWriter| GET http://localhost:22794/api/values System.Web.Http.Action ApiControllerActionInvoker InvokeActionAsync Action='Get()'
2012-09-10 00:29:21.8747|INFO|WebApiNLogTracing.TraceWriters.NLogTraceWriter| GET http://localhost:22794/api/values System.Web.Http.Action ReflectedHttpActionDescriptor ExecuteAsync Invoking action 'Get()'
2012-09-10 00:29:21.8747|INFO|WebApiNLogTracing.TraceWriters.NLogTraceWriter| GET http://localhost:22794/api/values WebApiNLogTracing.Controllers Read all strings.
2012-09-10 00:29:21.8913|INFO|WebApiNLogTracing.TraceWriters.NLogTraceWriter| GET http://localhost:22794/api/values System.Web.Http.Action ReflectedHttpActionDescriptor ExecuteAsync Action returned 'System.String[]'
2012-09-10 00:29:21.8913|INFO|WebApiNLogTracing.TraceWriters.NLogTraceWriter| GET http://localhost:22794/api/values System.Net.Http.Formatting DefaultContentNegotiator Negotiate Type='IEnumerable`1', formatters=[JsonMediaTypeFormatterTracer, XmlMediaTypeFormatterTracer, FormUrlEncodedMediaTypeFormatterTracer, FormUrlEncodedMediaTypeFormatterTracer]
2012-09-10 00:29:21.9206|INFO|WebApiNLogTracing.TraceWriters.NLogTraceWriter| GET http://localhost:22794/api/values System.Net.Http.Formatting XmlMediaTypeFormatter GetPerRequestFormatterInstance Obtaining formatter of type 'XmlMediaTypeFormatter' for type='IEnumerable`1', mediaType='application/xml; charset=utf-8'
2012-09-10 00:29:21.9206|INFO|WebApiNLogTracing.TraceWriters.NLogTraceWriter| GET http://localhost:22794/api/values System.Net.Http.Formatting XmlMediaTypeFormatter GetPerRequestFormatterInstance Will use same 'XmlMediaTypeFormatter' formatter
2012-09-10 00:29:21.9206|INFO|WebApiNLogTracing.TraceWriters.NLogTraceWriter| GET http://localhost:22794/api/values System.Net.Http.Formatting DefaultContentNegotiator Negotiate Selected formatter='XmlMediaTypeFormatter', content-type='application/xml; charset=utf-8'
2012-09-10 00:29:21.9362|INFO|WebApiNLogTracing.TraceWriters.NLogTraceWriter| GET http://localhost:22794/api/values System.Web.Http.Action ApiControllerActionInvoker InvokeActionAsync
2012-09-10 00:29:21.9362|INFO|WebApiNLogTracing.TraceWriters.NLogTraceWriter| GET http://localhost:22794/api/values System.Web.Http.Controllers ValuesController ExecuteAsync
2012-09-10 00:29:21.9362|INFO|WebApiNLogTracing.TraceWriters.NLogTraceWriter| GET http://localhost:22794/api/values System.Web.Http.Request Content-type='application/xml; charset=utf-8', content-length=unknown
2012-09-10 00:29:21.9586|INFO|WebApiNLogTracing.TraceWriters.NLogTraceWriter| GET http://localhost:22794/api/values System.Net.Http.Formatting XmlMediaTypeFormatter WriteToStreamAsync Value='System.String[]', type='IEnumerable`1', content-type='application/xml; charset=utf-8'
2012-09-10 00:29:21.9684|INFO|WebApiNLogTracing.TraceWriters.NLogTraceWriter| GET http://localhost:22794/api/values System.Net.Http.Formatting XmlMediaTypeFormatter WriteToStreamAsync
2012-09-10 00:29:21.9684|INFO|WebApiNLogTracing.TraceWriters.NLogTraceWriter| GET http://localhost:22794/api/values System.Web.Http.Controllers ValuesController Dispose
2012-09-10 00:29:21.9684|INFO|WebApiNLogTracing.TraceWriters.NLogTraceWriter| GET http://localhost:22794/api/values System.Web.Http.Controllers ValuesController Dispose
2012-09-10 00:45:46.6764|INFO|WebApiNLogTracing.TraceWriters.NLogTraceWriter| GET http://localhost:22794/api/values System.Web.Http.Request http://localhost:22794/api/values
2012-09-10 00:45:46.7028|INFO|WebApiNLogTracing.TraceWriters.NLogTraceWriter| GET http://localhost:22794/api/values System.Web.Http.Controllers DefaultHttpControllerSelector SelectController Route='controller:values'
2012-09-10 00:45:46.7721|INFO|WebApiNLogTracing.TraceWriters.NLogTraceWriter| GET http://localhost:22794/api/values System.Web.Http.Controllers DefaultHttpControllerSelector SelectController Values
2012-09-10 00:45:46.7721|INFO|WebApiNLogTracing.TraceWriters.NLogTraceWriter| GET http://localhost:22794/api/values System.Web.Http.Controllers HttpControllerDescriptor CreateController
2012-09-10 00:45:46.7799|INFO|WebApiNLogTracing.TraceWriters.NLogTraceWriter| GET http://localhost:22794/api/values System.Web.Http.Controllers DefaultHttpControllerActivator Create
2012-09-10 00:45:46.7799|INFO|WebApiNLogTracing.TraceWriters.NLogTraceWriter| GET http://localhost:22794/api/values System.Web.Http.Controllers DefaultHttpControllerActivator Create WebApiNLogTracing.Controllers.ValuesController
2012-09-10 00:45:46.7799|INFO|WebApiNLogTracing.TraceWriters.NLogTraceWriter| GET http://localhost:22794/api/values System.Web.Http.Controllers HttpControllerDescriptor CreateController WebApiNLogTracing.Controllers.ValuesController
2012-09-10 00:45:46.7975|INFO|WebApiNLogTracing.TraceWriters.NLogTraceWriter| GET http://localhost:22794/api/values System.Web.Http.Controllers ValuesController ExecuteAsync
2012-09-10 00:45:46.7975|INFO|WebApiNLogTracing.TraceWriters.NLogTraceWriter| GET http://localhost:22794/api/values System.Web.Http.Action ApiControllerActionSelector SelectAction
2012-09-10 00:45:46.8502|INFO|WebApiNLogTracing.TraceWriters.NLogTraceWriter| GET http://localhost:22794/api/values System.Web.Http.Action ApiControllerActionSelector SelectAction Selected action 'Get()'
2012-09-10 00:45:46.8698|INFO|WebApiNLogTracing.TraceWriters.NLogTraceWriter| GET http://localhost:22794/api/values System.Web.Http.ModelBinding HttpActionBinding ExecuteBindingAsync
2012-09-10 00:45:46.8756|INFO|WebApiNLogTracing.TraceWriters.NLogTraceWriter| GET http://localhost:22794/api/values System.Web.Http.ModelBinding HttpActionBinding ExecuteBindingAsync
2012-09-10 00:45:46.8903|INFO|WebApiNLogTracing.TraceWriters.NLogTraceWriter| GET http://localhost:22794/api/values System.Web.Http.Action ApiControllerActionInvoker InvokeActionAsync Action='Get()'
2012-09-10 00:45:46.9079|INFO|WebApiNLogTracing.TraceWriters.NLogTraceWriter| GET http://localhost:22794/api/values System.Web.Http.Action ReflectedHttpActionDescriptor ExecuteAsync Invoking action 'Get()'
2012-09-10 00:45:46.9206|INFO|WebApiNLogTracing.TraceWriters.NLogTraceWriter| GET http://localhost:22794/api/values WebApiNLogTracing.Controllers Read all values.
2012-09-10 00:45:46.9206|INFO|WebApiNLogTracing.TraceWriters.NLogTraceWriter| GET http://localhost:22794/api/values System.Web.Http.Action ReflectedHttpActionDescriptor ExecuteAsync Action returned 'System.String[]'
2012-09-10 00:45:46.9391|INFO|WebApiNLogTracing.TraceWriters.NLogTraceWriter| GET http://localhost:22794/api/values System.Net.Http.Formatting DefaultContentNegotiator Negotiate Type='IEnumerable`1', formatters=[JsonMediaTypeFormatterTracer, XmlMediaTypeFormatterTracer, FormUrlEncodedMediaTypeFormatterTracer, FormUrlEncodedMediaTypeFormatterTracer]
2012-09-10 00:45:46.9586|INFO|WebApiNLogTracing.TraceWriters.NLogTraceWriter| GET http://localhost:22794/api/values System.Net.Http.Formatting XmlMediaTypeFormatter GetPerRequestFormatterInstance Obtaining formatter of type 'XmlMediaTypeFormatter' for type='IEnumerable`1', mediaType='application/xml; charset=utf-8'
2012-09-10 00:45:46.9586|INFO|WebApiNLogTracing.TraceWriters.NLogTraceWriter| GET http://localhost:22794/api/values System.Net.Http.Formatting XmlMediaTypeFormatter GetPerRequestFormatterInstance Will use same 'XmlMediaTypeFormatter' formatter
2012-09-10 00:45:46.9674|INFO|WebApiNLogTracing.TraceWriters.NLogTraceWriter| GET http://localhost:22794/api/values System.Net.Http.Formatting DefaultContentNegotiator Negotiate Selected formatter='XmlMediaTypeFormatter', content-type='application/xml; charset=utf-8'
2012-09-10 00:45:46.9674|INFO|WebApiNLogTracing.TraceWriters.NLogTraceWriter| GET http://localhost:22794/api/values System.Web.Http.Action ApiControllerActionInvoker InvokeActionAsync
2012-09-10 00:45:46.9674|INFO|WebApiNLogTracing.TraceWriters.NLogTraceWriter| GET http://localhost:22794/api/values System.Web.Http.Controllers ValuesController ExecuteAsync
2012-09-10 00:45:46.9831|INFO|WebApiNLogTracing.TraceWriters.NLogTraceWriter| GET http://localhost:22794/api/values System.Web.Http.Request Content-type='application/xml; charset=utf-8', content-length=unknown
2012-09-10 00:45:46.9831|INFO|WebApiNLogTracing.TraceWriters.NLogTraceWriter| GET http://localhost:22794/api/values System.Net.Http.Formatting XmlMediaTypeFormatter WriteToStreamAsync Value='System.String[]', type='IEnumerable`1', content-type='application/xml; charset=utf-8'
2012-09-10 00:45:46.9997|INFO|WebApiNLogTracing.TraceWriters.NLogTraceWriter| GET http://localhost:22794/api/values System.Net.Http.Formatting XmlMediaTypeFormatter WriteToStreamAsync
2012-09-10 00:45:47.0153|INFO|WebApiNLogTracing.TraceWriters.NLogTraceWriter| GET http://localhost:22794/api/values System.Web.Http.Controllers ValuesController Dispose
2012-09-10 00:45:47.0153|INFO|WebApiNLogTracing.TraceWriters.NLogTraceWriter| GET http://localhost:22794/api/values System.Web.Http.Controllers ValuesController Dispose
2012-09-10 00:46:07.2331|INFO|WebApiNLogTracing.TraceWriters.NLogTraceWriter| GET http://localhost:22794/api/values System.Web.Http.Request http://localhost:22794/api/values
2012-09-10 00:46:07.2331|INFO|WebApiNLogTracing.TraceWriters.NLogTraceWriter| GET http://localhost:22794/api/values System.Web.Http.Controllers DefaultHttpControllerSelector SelectController Route='controller:values'
2012-09-10 00:46:07.2331|INFO|WebApiNLogTracing.TraceWriters.NLogTraceWriter| GET http://localhost:22794/api/values System.Web.Http.Controllers DefaultHttpControllerSelector SelectController Values
2012-09-10 00:46:07.2331|INFO|WebApiNLogTracing.TraceWriters.NLogTraceWriter| GET http://localhost:22794/api/values System.Web.Http.Controllers HttpControllerDescriptor CreateController
2012-09-10 00:46:07.2487|INFO|WebApiNLogTracing.TraceWriters.NLogTraceWriter| GET http://localhost:22794/api/values System.Web.Http.Controllers DefaultHttpControllerActivator Create
2012-09-10 00:46:07.2487|INFO|WebApiNLogTracing.TraceWriters.NLogTraceWriter| GET http://localhost:22794/api/values System.Web.Http.Controllers DefaultHttpControllerActivator Create WebApiNLogTracing.Controllers.ValuesController
2012-09-10 00:46:07.2487|INFO|WebApiNLogTracing.TraceWriters.NLogTraceWriter| GET http://localhost:22794/api/values System.Web.Http.Controllers HttpControllerDescriptor CreateController WebApiNLogTracing.Controllers.ValuesController
2012-09-10 00:46:07.2487|INFO|WebApiNLogTracing.TraceWriters.NLogTraceWriter| GET http://localhost:22794/api/values System.Web.Http.Controllers ValuesController ExecuteAsync
2012-09-10 00:46:07.2487|INFO|WebApiNLogTracing.TraceWriters.NLogTraceWriter| GET http://localhost:22794/api/values System.Web.Http.Action ApiControllerActionSelector SelectAction
2012-09-10 00:46:07.2653|INFO|WebApiNLogTracing.TraceWriters.NLogTraceWriter| GET http://localhost:22794/api/values System.Web.Http.Action ApiControllerActionSelector SelectAction Selected action 'Get()'
2012-09-10 00:46:07.2653|INFO|WebApiNLogTracing.TraceWriters.NLogTraceWriter| GET http://localhost:22794/api/values System.Web.Http.ModelBinding HttpActionBinding ExecuteBindingAsync
2012-09-10 00:46:07.2653|INFO|WebApiNLogTracing.TraceWriters.NLogTraceWriter| GET http://localhost:22794/api/values System.Web.Http.ModelBinding HttpActionBinding ExecuteBindingAsync
2012-09-10 00:46:07.2799|INFO|WebApiNLogTracing.TraceWriters.NLogTraceWriter| GET http://localhost:22794/api/values System.Web.Http.Action ApiControllerActionInvoker InvokeActionAsync Action='Get()'
2012-09-10 00:46:07.2799|INFO|WebApiNLogTracing.TraceWriters.NLogTraceWriter| GET http://localhost:22794/api/values System.Web.Http.Action ReflectedHttpActionDescriptor ExecuteAsync Invoking action 'Get()'
2012-09-10 00:46:07.2799|INFO|WebApiNLogTracing.TraceWriters.NLogTraceWriter| GET http://localhost:22794/api/values WebApiNLogTracing.Controllers Read all values.
2012-09-10 00:46:07.2799|INFO|WebApiNLogTracing.TraceWriters.NLogTraceWriter| GET http://localhost:22794/api/values System.Web.Http.Action ReflectedHttpActionDescriptor ExecuteAsync Action returned 'System.String[]'
2012-09-10 00:46:07.2956|INFO|WebApiNLogTracing.TraceWriters.NLogTraceWriter| GET http://localhost:22794/api/values System.Net.Http.Formatting DefaultContentNegotiator Negotiate Type='IEnumerable`1', formatters=[JsonMediaTypeFormatterTracer, XmlMediaTypeFormatterTracer, FormUrlEncodedMediaTypeFormatterTracer, FormUrlEncodedMediaTypeFormatterTracer]
2012-09-10 00:46:07.2956|INFO|WebApiNLogTracing.TraceWriters.NLogTraceWriter| GET http://localhost:22794/api/values System.Net.Http.Formatting XmlMediaTypeFormatter GetPerRequestFormatterInstance Obtaining formatter of type 'XmlMediaTypeFormatter' for type='IEnumerable`1', mediaType='application/xml; charset=utf-8'
2012-09-10 00:46:07.2956|INFO|WebApiNLogTracing.TraceWriters.NLogTraceWriter| GET http://localhost:22794/api/values System.Net.Http.Formatting XmlMediaTypeFormatter GetPerRequestFormatterInstance Will use same 'XmlMediaTypeFormatter' formatter
2012-09-10 00:46:07.2956|INFO|WebApiNLogTracing.TraceWriters.NLogTraceWriter| GET http://localhost:22794/api/values System.Net.Http.Formatting DefaultContentNegotiator Negotiate Selected formatter='XmlMediaTypeFormatter', content-type='application/xml; charset=utf-8'
2012-09-10 00:46:07.2956|INFO|WebApiNLogTracing.TraceWriters.NLogTraceWriter| GET http://localhost:22794/api/values System.Web.Http.Action ApiControllerActionInvoker InvokeActionAsync
2012-09-10 00:46:07.3132|INFO|WebApiNLogTracing.TraceWriters.NLogTraceWriter| GET http://localhost:22794/api/values System.Web.Http.Controllers ValuesController ExecuteAsync
2012-09-10 00:46:07.3132|INFO|WebApiNLogTracing.TraceWriters.NLogTraceWriter| GET http://localhost:22794/api/values System.Web.Http.Request Content-type='application/xml; charset=utf-8', content-length=unknown
2012-09-10 00:46:07.3132|INFO|WebApiNLogTracing.TraceWriters.NLogTraceWriter| GET http://localhost:22794/api/values System.Net.Http.Formatting XmlMediaTypeFormatter WriteToStreamAsync Value='System.String[]', type='IEnumerable`1', content-type='application/xml; charset=utf-8'
2012-09-10 00:46:07.3278|INFO|WebApiNLogTracing.TraceWriters.NLogTraceWriter| GET http://localhost:22794/api/values System.Net.Http.Formatting XmlMediaTypeFormatter WriteToStreamAsync
2012-09-10 00:46:07.3278|INFO|WebApiNLogTracing.TraceWriters.NLogTraceWriter| GET http://localhost:22794/api/values System.Web.Http.Controllers ValuesController Dispose
2012-09-10 00:46:07.3278|INFO|WebApiNLogTracing.TraceWriters.NLogTraceWriter| GET http://localhost:22794/api/values System.Web.Http.Controllers ValuesController Dispose
2012-09-10 00:46:35.9909|INFO|WebApiNLogTracing.TraceWriters.NLogTraceWriter| GET http://localhost:22794/api/values/5 System.Web.Http.Request http://localhost:22794/api/values/5
2012-09-10 00:46:35.9909|INFO|WebApiNLogTracing.TraceWriters.NLogTraceWriter| GET http://localhost:22794/api/values/5 System.Web.Http.Controllers DefaultHttpControllerSelector SelectController Route='controller:values,id:5'
2012-09-10 00:46:35.9987|INFO|WebApiNLogTracing.TraceWriters.NLogTraceWriter| GET http://localhost:22794/api/values/5 System.Web.Http.Controllers DefaultHttpControllerSelector SelectController Values
2012-09-10 00:46:35.9987|INFO|WebApiNLogTracing.TraceWriters.NLogTraceWriter| GET http://localhost:22794/api/values/5 System.Web.Http.Controllers HttpControllerDescriptor CreateController
2012-09-10 00:46:35.9987|INFO|WebApiNLogTracing.TraceWriters.NLogTraceWriter| GET http://localhost:22794/api/values/5 System.Web.Http.Controllers DefaultHttpControllerActivator Create
2012-09-10 00:46:35.9987|INFO|WebApiNLogTracing.TraceWriters.NLogTraceWriter| GET http://localhost:22794/api/values/5 System.Web.Http.Controllers DefaultHttpControllerActivator Create WebApiNLogTracing.Controllers.ValuesController
2012-09-10 00:46:36.0153|INFO|WebApiNLogTracing.TraceWriters.NLogTraceWriter| GET http://localhost:22794/api/values/5 System.Web.Http.Controllers HttpControllerDescriptor CreateController WebApiNLogTracing.Controllers.ValuesController
2012-09-10 00:46:36.0153|INFO|WebApiNLogTracing.TraceWriters.NLogTraceWriter| GET http://localhost:22794/api/values/5 System.Web.Http.Controllers ValuesController ExecuteAsync
2012-09-10 00:46:36.0153|INFO|WebApiNLogTracing.TraceWriters.NLogTraceWriter| GET http://localhost:22794/api/values/5 System.Web.Http.Action ApiControllerActionSelector SelectAction
2012-09-10 00:46:36.0153|INFO|WebApiNLogTracing.TraceWriters.NLogTraceWriter| GET http://localhost:22794/api/values/5 System.Web.Http.Action ApiControllerActionSelector SelectAction Selected action 'Get(Int32 id)'
2012-09-10 00:46:36.0300|INFO|WebApiNLogTracing.TraceWriters.NLogTraceWriter| GET http://localhost:22794/api/values/5 System.Web.Http.ModelBinding HttpActionBinding ExecuteBindingAsync
2012-09-10 00:46:36.0300|INFO|WebApiNLogTracing.TraceWriters.NLogTraceWriter| GET http://localhost:22794/api/values/5 System.Web.Http.ModelBinding ModelBinderParameterBinding ExecuteBindingAsync Binding parameter 'id'
2012-09-10 00:46:36.0876|INFO|WebApiNLogTracing.TraceWriters.NLogTraceWriter| GET http://localhost:22794/api/values/5 System.Web.Http.ModelBinding ModelBinderParameterBinding ExecuteBindingAsync Parameter 'id' bound to the value '5'
2012-09-10 00:46:36.0924|INFO|WebApiNLogTracing.TraceWriters.NLogTraceWriter| GET http://localhost:22794/api/values/5 System.Web.Http.ModelBinding HttpActionBinding ExecuteBindingAsync Model state is valid. Values: id=5
2012-09-10 00:46:36.0924|INFO|WebApiNLogTracing.TraceWriters.NLogTraceWriter| GET http://localhost:22794/api/values/5 System.Web.Http.Action ApiControllerActionInvoker InvokeActionAsync Action='Get(id=5)'
2012-09-10 00:46:36.0924|INFO|WebApiNLogTracing.TraceWriters.NLogTraceWriter| GET http://localhost:22794/api/values/5 System.Web.Http.Action ReflectedHttpActionDescriptor ExecuteAsync Invoking action 'Get(id=5)'
2012-09-10 00:46:36.0924|DEBUG|WebApiNLogTracing.TraceWriters.NLogTraceWriter| GET http://localhost:22794/api/values/5 WebApiNLogTracing.Controllers Read value 5
2012-09-10 00:46:36.1081|INFO|WebApiNLogTracing.TraceWriters.NLogTraceWriter| GET http://localhost:22794/api/values/5 System.Web.Http.Action ReflectedHttpActionDescriptor ExecuteAsync Action returned 'value'
2012-09-10 00:46:36.1081|INFO|WebApiNLogTracing.TraceWriters.NLogTraceWriter| GET http://localhost:22794/api/values/5 System.Net.Http.Formatting DefaultContentNegotiator Negotiate Type='String', formatters=[JsonMediaTypeFormatterTracer, XmlMediaTypeFormatterTracer, FormUrlEncodedMediaTypeFormatterTracer, FormUrlEncodedMediaTypeFormatterTracer]
2012-09-10 00:46:36.1081|INFO|WebApiNLogTracing.TraceWriters.NLogTraceWriter| GET http://localhost:22794/api/values/5 System.Net.Http.Formatting XmlMediaTypeFormatter GetPerRequestFormatterInstance Obtaining formatter of type 'XmlMediaTypeFormatter' for type='String', mediaType='application/xml; charset=utf-8'
2012-09-10 00:46:36.1081|INFO|WebApiNLogTracing.TraceWriters.NLogTraceWriter| GET http://localhost:22794/api/values/5 System.Net.Http.Formatting XmlMediaTypeFormatter GetPerRequestFormatterInstance Will use same 'XmlMediaTypeFormatter' formatter
2012-09-10 00:46:36.1081|INFO|WebApiNLogTracing.TraceWriters.NLogTraceWriter| GET http://localhost:22794/api/values/5 System.Net.Http.Formatting DefaultContentNegotiator Negotiate Selected formatter='XmlMediaTypeFormatter', content-type='application/xml; charset=utf-8'
2012-09-10 00:46:36.1247|INFO|WebApiNLogTracing.TraceWriters.NLogTraceWriter| GET http://localhost:22794/api/values/5 System.Web.Http.Action ApiControllerActionInvoker InvokeActionAsync
2012-09-10 00:46:36.1247|INFO|WebApiNLogTracing.TraceWriters.NLogTraceWriter| GET http://localhost:22794/api/values/5 System.Web.Http.Controllers ValuesController ExecuteAsync
2012-09-10 00:46:36.1247|INFO|WebApiNLogTracing.TraceWriters.NLogTraceWriter| GET http://localhost:22794/api/values/5 System.Web.Http.Request Content-type='application/xml; charset=utf-8', content-length=unknown
2012-09-10 00:46:36.1247|INFO|WebApiNLogTracing.TraceWriters.NLogTraceWriter| GET http://localhost:22794/api/values/5 System.Net.Http.Formatting XmlMediaTypeFormatter WriteToStreamAsync Value='value', type='String', content-type='application/xml; charset=utf-8'
2012-09-10 00:46:36.1247|INFO|WebApiNLogTracing.TraceWriters.NLogTraceWriter| GET http://localhost:22794/api/values/5 System.Net.Http.Formatting XmlMediaTypeFormatter WriteToStreamAsync
2012-09-10 00:46:36.1393|INFO|WebApiNLogTracing.TraceWriters.NLogTraceWriter| GET http://localhost:22794/api/values/5 System.Web.Http.Controllers ValuesController Dispose
2012-09-10 00:46:36.1393|INFO|WebApiNLogTracing.TraceWriters.NLogTraceWriter| GET http://localhost:22794/api/values/5 System.Web.Http.Controllers ValuesController Dispose
