2012-09-09 23:59:21.7575|INFO|WebApiNLogTracing.TraceWriters.NLogTraceWriter| GET http://localhost:22794/api/values System.Web.Http.Request http://localhost:22794/api/values
2012-09-09 23:59:21.7849|INFO|WebApiNLogTracing.TraceWriters.NLogTraceWriter| GET http://localhost:22794/api/values System.Web.Http.Controllers DefaultHttpControllerSelector SelectController Route='controller:values'
2012-09-09 23:59:22.0251|INFO|WebApiNLogTracing.TraceWriters.NLogTraceWriter| GET http://localhost:22794/api/values System.Web.Http.Controllers DefaultHttpControllerSelector SelectController Values
2012-09-09 23:59:22.0339|INFO|WebApiNLogTracing.TraceWriters.NLogTraceWriter| GET http://localhost:22794/api/values System.Web.Http.Controllers HttpControllerDescriptor CreateController
2012-09-09 23:59:22.0339|INFO|WebApiNLogTracing.TraceWriters.NLogTraceWriter| GET http://localhost:22794/api/values System.Web.Http.Controllers DefaultHttpControllerActivator Create
2012-09-09 23:59:22.0495|INFO|WebApiNLogTracing.TraceWriters.NLogTraceWriter| GET http://localhost:22794/api/values System.Web.Http.Controllers DefaultHttpControllerActivator Create WebApiTracing.Controllers.ValuesController
2012-09-09 23:59:22.0495|INFO|WebApiNLogTracing.TraceWriters.NLogTraceWriter| GET http://localhost:22794/api/values System.Web.Http.Controllers HttpControllerDescriptor CreateController WebApiTracing.Controllers.ValuesController
2012-09-09 23:59:22.0495|INFO|WebApiNLogTracing.TraceWriters.NLogTraceWriter| GET http://localhost:22794/api/values System.Web.Http.Controllers ValuesController ExecuteAsync
2012-09-09 23:59:22.0651|INFO|WebApiNLogTracing.TraceWriters.NLogTraceWriter| GET http://localhost:22794/api/values System.Web.Http.Action ApiControllerActionSelector SelectAction
2012-09-09 23:59:22.1150|INFO|WebApiNLogTracing.TraceWriters.NLogTraceWriter| GET http://localhost:22794/api/values System.Web.Http.Action ApiControllerActionSelector SelectAction Selected action 'Get()'
2012-09-09 23:59:22.1325|INFO|WebApiNLogTracing.TraceWriters.NLogTraceWriter| GET http://localhost:22794/api/values System.Web.Http.ModelBinding HttpActionBinding ExecuteBindingAsync
2012-09-09 23:59:22.1501|INFO|WebApiNLogTracing.TraceWriters.NLogTraceWriter| GET http://localhost:22794/api/values System.Web.Http.ModelBinding HttpActionBinding ExecuteBindingAsync
2012-09-09 23:59:22.1530|INFO|WebApiNLogTracing.TraceWriters.NLogTraceWriter| GET http://localhost:22794/api/values System.Web.Http.Action ApiControllerActionInvoker InvokeActionAsync Action='Get()'
2012-09-09 23:59:22.1530|INFO|WebApiNLogTracing.TraceWriters.NLogTraceWriter| GET http://localhost:22794/api/values System.Web.Http.Action ReflectedHttpActionDescriptor ExecuteAsync Invoking action 'Get()'
2012-09-09 23:59:22.1696|INFO|WebApiNLogTracing.TraceWriters.NLogTraceWriter| GET http://localhost:22794/api/values System.Web.Http.Action ReflectedHttpActionDescriptor ExecuteAsync Action returned 'System.String[]'
2012-09-09 23:59:22.1931|INFO|WebApiNLogTracing.TraceWriters.NLogTraceWriter| GET http://localhost:22794/api/values System.Net.Http.Formatting DefaultContentNegotiator Negotiate Type='IEnumerable`1', formatters=[JsonMediaTypeFormatterTracer, XmlMediaTypeFormatterTracer, FormUrlEncodedMediaTypeFormatterTracer, FormUrlEncodedMediaTypeFormatterTracer]
2012-09-09 23:59:22.2126|INFO|WebApiNLogTracing.TraceWriters.NLogTraceWriter| GET http://localhost:22794/api/values System.Net.Http.Formatting XmlMediaTypeFormatter GetPerRequestFormatterInstance Obtaining formatter of type 'XmlMediaTypeFormatter' for type='IEnumerable`1', mediaType='application/xml; charset=utf-8'
2012-09-09 23:59:22.2165|INFO|WebApiNLogTracing.TraceWriters.NLogTraceWriter| GET http://localhost:22794/api/values System.Net.Http.Formatting XmlMediaTypeFormatter GetPerRequestFormatterInstance Will use same 'XmlMediaTypeFormatter' formatter
2012-09-09 23:59:22.2165|INFO|WebApiNLogTracing.TraceWriters.NLogTraceWriter| GET http://localhost:22794/api/values System.Net.Http.Formatting DefaultContentNegotiator Negotiate Selected formatter='XmlMediaTypeFormatter', content-type='application/xml; charset=utf-8'
2012-09-09 23:59:22.2165|INFO|WebApiNLogTracing.TraceWriters.NLogTraceWriter| GET http://localhost:22794/api/values System.Web.Http.Action ApiControllerActionInvoker InvokeActionAsync
2012-09-09 23:59:22.2321|INFO|WebApiNLogTracing.TraceWriters.NLogTraceWriter| GET http://localhost:22794/api/values System.Web.Http.Controllers ValuesController ExecuteAsync
2012-09-09 23:59:22.2321|INFO|WebApiNLogTracing.TraceWriters.NLogTraceWriter| GET http://localhost:22794/api/values System.Web.Http.Request Content-type='application/xml; charset=utf-8', content-length=unknown
2012-09-09 23:59:22.2566|INFO|WebApiNLogTracing.TraceWriters.NLogTraceWriter| GET http://localhost:22794/api/values System.Net.Http.Formatting XmlMediaTypeFormatter WriteToStreamAsync Value='System.String[]', type='IEnumerable`1', content-type='application/xml; charset=utf-8'
2012-09-09 23:59:22.2722|INFO|WebApiNLogTracing.TraceWriters.NLogTraceWriter| GET http://localhost:22794/api/values System.Net.Http.Formatting XmlMediaTypeFormatter WriteToStreamAsync
2012-09-09 23:59:22.2722|INFO|WebApiNLogTracing.TraceWriters.NLogTraceWriter| GET http://localhost:22794/api/values System.Web.Http.Controllers ValuesController Dispose
2012-09-09 23:59:22.2810|INFO|WebApiNLogTracing.TraceWriters.NLogTraceWriter| GET http://localhost:22794/api/values System.Web.Http.Controllers ValuesController Dispose
